<?xml version="1.0" encoding="UTF-8"?>
<!-- Generated by org.testng.reporters.JUnitReportReporter -->
<testsuite hostname="DESKTOP-6QLLRGC" failures="0" tests="2" name="com.sample.test.testPlaylist" time="0.073" errors="0" timestamp="2023-08-03T17:03:06 IST" skipped="0">
  <testcase classname="com.sample.test.testPlaylist" name="testPlaylistWithRepeatedSong" time="0.012"/>
  <system-out/>
  <testcase classname="com.sample.test.testPlaylist" name="testPlaylistOrderAfterSongsPlayed" time="0.061"/>
  <system-out/>
</testsuite> <!-- com.sample.test.testPlaylist -->
